Mar 16 11:02:16  [info] $Fatal Error Details = Array
(
    [message] => Nije moguće povezivanje sa MailStore-om za@&lt;p&gt;Greška:&lt;pre&gt;An error occured while sending or receiving mail. Failed to connect to the server: :993.&lt;/pre&gt;&lt;p&gt;
    [code] => 
)


Mar 16 11:02:16  [info] $backTrace = #0 /var/aegir/platforms/beta/sites/all/modules/civicrm/CRM/Core/Error.php(336): CRM_Core_Error::backtrace("backTrace", TRUE)
#1 /var/aegir/platforms/beta/sites/all/modules/civicrm/CRM/Utils/Mail/EmailProcessor.php(173): CRM_Core_Error::fatal("Nije moguće povezivanje sa MailStore-om za@<p>Greška:<pre>An error occured ...")
#2 /var/aegir/platforms/beta/sites/all/modules/civicrm/CRM/Utils/Mail/EmailProcessor.php(57): CRM_Utils_Mail_EmailProcessor::_process(TRUE, Object(CRM_Core_DAO_MailSettings), 0)
#3 /var/aegir/platforms/beta/sites/all/modules/civicrm/api/v3/Job.php(368): CRM_Utils_Mail_EmailProcessor::processBounces(0)
#4 /var/aegir/platforms/beta/sites/all/modules/civicrm/Civi/API/Provider/MagicFunctionProvider.php(89): civicrm_api3_job_fetch_bounces((Array:2))
#5 /var/aegir/platforms/beta/sites/all/modules/civicrm/Civi/API/Kernel.php(169): Civi\API\Provider\MagicFunctionProvider->invoke((Array:9))
#6 /var/aegir/platforms/beta/sites/all/modules/civicrm/Civi/API/Kernel.php(100): Civi\API\Kernel->runRequest((Array:9))
#7 /var/aegir/platforms/beta/sites/all/modules/civicrm/api/api.php(23): Civi\API\Kernel->runSafe("Job", "fetch_bounces", (Array:1), NULL)
#8 /var/aegir/platforms/beta/sites/all/modules/civicrm/CRM/Core/JobManager.php(145): civicrm_api("Job", "fetch_bounces", (Array:1))
#9 /var/aegir/platforms/beta/sites/all/modules/civicrm/CRM/Core/JobManager.php(79): CRM_Core_JobManager->executeJob(Object(CRM_Core_ScheduledJob))
#10 /var/aegir/platforms/beta/sites/all/modules/civicrm/api/v3/Job.php(99): CRM_Core_JobManager->execute(FALSE)
#11 /var/aegir/platforms/beta/sites/all/modules/civicrm/Civi/API/Provider/MagicFunctionProvider.php(89): civicrm_api3_job_execute((Array:2))
#12 /var/aegir/platforms/beta/sites/all/modules/civicrm/Civi/API/Kernel.php(169): Civi\API\Provider\MagicFunctionProvider->invoke((Array:9))
#13 /var/aegir/platforms/beta/sites/all/modules/civicrm/Civi/API/Kernel.php(100): Civi\API\Kernel->runRequest((Array:9))
#14 /var/aegir/platforms/beta/sites/all/modules/civicrm/api/api.php(23): Civi\API\Kernel->runSafe("Job", "execute", (Array:2), NULL)
#15 /var/aegir/platforms/beta/sites/all/modules/civicrm/drupal/drush/civicrm.drush.inc(1558): civicrm_api("Job", "execute", (Array:2))
#16 phar:///usr/local/bin/drush/includes/command.inc(422): drush_civicrm_api("Job.execute", "auth=0")
#17 phar:///usr/local/bin/drush/includes/command.inc(231): _drush_invoke_hooks((Array:37), (Array:2))
#18 phar:///usr/local/bin/drush/includes/command.inc(199): drush_command("Job.execute", "auth=0")
#19 phar:///usr/local/bin/drush/lib/Drush/Boot/BaseBoot.php(67): drush_dispatch((Array:37))
#20 phar:///usr/local/bin/drush/includes/preflight.inc(66): Drush\Boot\BaseBoot->bootstrap_and_dispatch()
#21 phar:///usr/local/bin/drush/includes/startup.inc(462): drush_main()
#22 phar:///usr/local/bin/drush/includes/startup.inc(369): drush_run_main(FALSE, "/", "Phar detected. Proceeding to drush_main().")
#23 phar:///usr/local/bin/drush/drush(114): drush_startup((Array:7))
#24 /usr/local/bin/drush(10): require("phar:///usr/local/bin/drush/drush")
#25 {main}


Mar 16 11:02:16  [info] $Fatal Error Details = Array
(
    [callback] => Array
        (
            [0] => CRM_Core_Error
            [1] => exceptionHandler
        )

    [code] => -2
    [message] => DB Error: syntax error
    [mode] => 16
    [debug_info] => 
SELECT  v.label as label ,v.value as value, v.grouping as grouping
FROM   civicrm_option_value v,
       civicrm_option_group g
WHERE  v.option_group_id = g.id
  AND  g.name            = '[email_greeting or postal_greeting or addressee] required'
  AND  g.is_active       = 1  AND  v.is_active = 1  AND ( v.component_id IS NULL  OR v.component_id IN (SELECT id FROM civicrm_component WHERE name IN ("CiviEvent","CiviContribute","CiviMember","CiviMail","CiviReport","CiviPledge")) ) AND (v.filter = 0 OR v.filter =)  ORDER BY v.weight [nativecode=1064 ** You have an error in your SQL syntax; check the manual that corresponds to your MySQL server version for the right syntax to use near ')  ORDER BY v.weight' at line 6]
    [type] => DB_Error
    [user_info] => 
SELECT  v.label as label ,v.value as value, v.grouping as grouping
FROM   civicrm_option_value v,
       civicrm_option_group g
WHERE  v.option_group_id = g.id
  AND  g.name            = '[email_greeting or postal_greeting or addressee] required'
  AND  g.is_active       = 1  AND  v.is_active = 1  AND ( v.component_id IS NULL  OR v.component_id IN (SELECT id FROM civicrm_component WHERE name IN ("CiviEvent","CiviContribute","CiviMember","CiviMail","CiviReport","CiviPledge")) ) AND (v.filter = 0 OR v.filter =)  ORDER BY v.weight [nativecode=1064 ** You have an error in your SQL syntax; check the manual that corresponds to your MySQL server version for the right syntax to use near ')  ORDER BY v.weight' at line 6]
    [to_string] => [db_error: message="DB Error: syntax error" code=-2 mode=callback callback=CRM_Core_Error::exceptionHandler prefix="" info="
SELECT  v.label as label ,v.value as value, v.grouping as grouping
FROM   civicrm_option_value v,
       civicrm_option_group g
WHERE  v.option_group_id = g.id
  AND  g.name            = '[email_greeting or postal_greeting or addressee] required'
  AND  g.is_active       = 1  AND  v.is_active = 1  AND ( v.component_id IS NULL  OR v.component_id IN (SELECT id FROM civicrm_component WHERE name IN ("CiviEvent","CiviContribute","CiviMember","CiviMail","CiviReport","CiviPledge")) ) AND (v.filter = 0 OR v.filter =)  ORDER BY v.weight [nativecode=1064 ** You have an error in your SQL syntax; check the manual that corresponds to your MySQL server version for the right syntax to use near ')  ORDER BY v.weight' at line 6]"]
)


Mar 16 11:02:16  [info] $backTrace = #0 /var/aegir/platforms/beta/sites/all/modules/civicrm/CRM/Core/Error.php(945): CRM_Core_Error::backtrace("backTrace", TRUE)
#1 /var/aegir/platforms/beta/sites/all/modules/civicrm/packages/PEAR.php(921): CRM_Core_Error::exceptionHandler(Object(DB_Error))
#2 /var/aegir/platforms/beta/sites/all/modules/civicrm/packages/DB.php(985): PEAR_Error->__construct("DB Error: syntax error", -2, 16, (Array:2), "\nSELECT  v.label as label ,v.value as value, v.grouping as grouping\nFROM   ...")
#3 /var/aegir/platforms/beta/sites/all/modules/civicrm/packages/PEAR.php(575): DB_Error->__construct(-2, 16, (Array:2), "\nSELECT  v.label as label ,v.value as value, v.grouping as grouping\nFROM   ...")
#4 /var/aegir/platforms/beta/sites/all/modules/civicrm/packages/PEAR.php(223): PEAR->_raiseError(Object(DB_mysqli), NULL, -2, 16, (Array:2), "\nSELECT  v.label as label ,v.value as value, v.grouping as grouping\nFROM   ...", "DB_Error", TRUE)
#5 /var/aegir/platforms/beta/sites/all/modules/civicrm/packages/DB/common.php(1905): PEAR->__call("raiseError", (Array:7))
#6 /var/aegir/platforms/beta/sites/all/modules/civicrm/packages/DB/mysqli.php(933): DB_common->raiseError(-2, NULL, NULL, "\nSELECT  v.label as label ,v.value as value, v.grouping as grouping\nFROM   ...", "1064 ** You have an error in your SQL syntax; check the manual that correspon...")
#7 /var/aegir/platforms/beta/sites/all/modules/civicrm/packages/DB/mysqli.php(403): DB_mysqli->mysqliRaiseError()
#8 /var/aegir/platforms/beta/sites/all/modules/civicrm/packages/DB/common.php(1216): DB_mysqli->simpleQuery("\nSELECT  v.label as label ,v.value as value, v.grouping as grouping\nFROM   ...")
#9 /var/aegir/platforms/beta/sites/all/modules/civicrm/packages/DB/DataObject.php(2446): DB_common->query("\nSELECT  v.label as label ,v.value as value, v.grouping as grouping\nFROM   ...")
#10 /var/aegir/platforms/beta/sites/all/modules/civicrm/packages/DB/DataObject.php(1635): DB_DataObject->_query("\nSELECT  v.label as label ,v.value as value, v.grouping as grouping\nFROM   ...")
#11 /var/aegir/platforms/beta/sites/all/modules/civicrm/CRM/Core/DAO.php(362): DB_DataObject->query("\nSELECT  v.label as label ,v.value as value, v.grouping as grouping\nFROM   ...")
#12 /var/aegir/platforms/beta/sites/all/modules/civicrm/CRM/Core/DAO.php(1311): CRM_Core_DAO->query("\nSELECT  v.label as label ,v.value as value, v.grouping as grouping\nFROM   ...", TRUE)
#13 /var/aegir/platforms/beta/sites/all/modules/civicrm/CRM/Core/OptionGroup.php(168): CRM_Core_DAO::executeQuery("\nSELECT  v.label as label ,v.value as value, v.grouping as grouping\nFROM   ...", (Array:1))
#14 /var/aegir/platforms/beta/sites/all/modules/civicrm/CRM/Core/PseudoConstant.php(1686): CRM_Core_OptionGroup::values("[email_greeting or postal_greeting or addressee] required", NULL, NULL, NULL, "AND (v.filter = 0 OR v.filter =) ", "label")
#15 /var/aegir/platforms/beta/sites/all/modules/civicrm/CRM/Contact/BAO/Contact/Utils.php(940): CRM_Core_PseudoConstant::greeting((Array:2))
#16 /var/aegir/platforms/beta/sites/all/modules/civicrm/api/v3/Job.php(255): CRM_Contact_BAO_Contact_Utils::updateGreeting((Array:5))
#17 /var/aegir/platforms/beta/sites/all/modules/civicrm/Civi/API/Provider/MagicFunctionProvider.php(89): civicrm_api3_job_update_greeting((Array:5))
#18 /var/aegir/platforms/beta/sites/all/modules/civicrm/Civi/API/Kernel.php(169): Civi\API\Provider\MagicFunctionProvider->invoke((Array:9))
#19 /var/aegir/platforms/beta/sites/all/modules/civicrm/Civi/API/Kernel.php(100): Civi\API\Kernel->runRequest((Array:9))
#20 /var/aegir/platforms/beta/sites/all/modules/civicrm/api/api.php(23): Civi\API\Kernel->runSafe("Job", "update_greeting", (Array:5), NULL)
#21 /var/aegir/platforms/beta/sites/all/modules/civicrm/CRM/Core/JobManager.php(145): civicrm_api("Job", "update_greeting", (Array:5))
#22 /var/aegir/platforms/beta/sites/all/modules/civicrm/CRM/Core/JobManager.php(79): CRM_Core_JobManager->executeJob(Object(CRM_Core_ScheduledJob))
#23 /var/aegir/platforms/beta/sites/all/modules/civicrm/api/v3/Job.php(99): CRM_Core_JobManager->execute(FALSE)
#24 /var/aegir/platforms/beta/sites/all/modules/civicrm/Civi/API/Provider/MagicFunctionProvider.php(89): civicrm_api3_job_execute((Array:2))
#25 /var/aegir/platforms/beta/sites/all/modules/civicrm/Civi/API/Kernel.php(169): Civi\API\Provider\MagicFunctionProvider->invoke((Array:9))
#26 /var/aegir/platforms/beta/sites/all/modules/civicrm/Civi/API/Kernel.php(100): Civi\API\Kernel->runRequest((Array:9))
#27 /var/aegir/platforms/beta/sites/all/modules/civicrm/api/api.php(23): Civi\API\Kernel->runSafe("Job", "execute", (Array:2), NULL)
#28 /var/aegir/platforms/beta/sites/all/modules/civicrm/drupal/drush/civicrm.drush.inc(1558): civicrm_api("Job", "execute", (Array:2))
#29 phar:///usr/local/bin/drush/includes/command.inc(422): drush_civicrm_api("Job.execute", "auth=0")
#30 phar:///usr/local/bin/drush/includes/command.inc(231): _drush_invoke_hooks((Array:37), (Array:2))
#31 phar:///usr/local/bin/drush/includes/command.inc(199): drush_command("Job.execute", "auth=0")
#32 phar:///usr/local/bin/drush/lib/Drush/Boot/BaseBoot.php(67): drush_dispatch((Array:37))
#33 phar:///usr/local/bin/drush/includes/preflight.inc(66): Drush\Boot\BaseBoot->bootstrap_and_dispatch()
#34 phar:///usr/local/bin/drush/includes/startup.inc(462): drush_main()
#35 phar:///usr/local/bin/drush/includes/startup.inc(369): drush_run_main(FALSE, "/", "Phar detected. Proceeding to drush_main().")
#36 phar:///usr/local/bin/drush/drush(114): drush_startup((Array:7))
#37 /usr/local/bin/drush(10): require("phar:///usr/local/bin/drush/drush")
#38 {main}


